[debug] [2022-10-10T04:14:22.169Z] ----------------------------------------------------------------------
[debug] [2022-10-10T04:14:22.173Z] Command:       D:\Program Files\nodejs\node.exe C:\Users\bosst\AppData\Roaming\npm\node_modules\firebase-tools\lib\bin\firebase.js init
[debug] [2022-10-10T04:14:22.174Z] CLI Version:   11.14.1
[debug] [2022-10-10T04:14:22.174Z] Platform:      win32
[debug] [2022-10-10T04:14:22.174Z] Node Version:  v16.17.1
[debug] [2022-10-10T04:14:22.175Z] Time:          Mon Oct 10 2022 01:14:22 GMT-0300 (Horário Padrão de Brasília)
[debug] [2022-10-10T04:14:22.176Z] ----------------------------------------------------------------------
[debug] 
[debug] [2022-10-10T04:14:22.333Z] > command requires scopes: ["email","openid","https://www.googleapis.com/auth/cloudplatformprojects.readonly","https://www.googleapis.com/auth/firebase","https://www.googleapis.com/auth/cloud-platform"]
[debug] [2022-10-10T04:14:22.334Z] > authorizing via signed-in user (brunocostaprado@gmail.com)
[info] 
     ######## #### ########  ######## ########     ###     ######  ########
     ##        ##  ##     ## ##       ##     ##  ##   ##  ##       ##
     ######    ##  ########  ######   ########  #########  ######  ######
     ##        ##  ##    ##  ##       ##     ## ##     ##       ## ##
     ##       #### ##     ## ######## ########  ##     ##  ######  ########

You're about to initialize a Firebase project in this directory:

  D:\github\app

Before we get started, keep in mind:

  * You are initializing within an existing Firebase project directory

[info] 
=== Project Setup
[info] 
[info] First, let's associate this project directory with a Firebase project.
[info] You can create multiple project aliases by running firebase use --add, 
[info] but for now we'll just set up a default project.
[info] 
[debug] [2022-10-10T04:14:35.974Z] Using project from CLI flag: aapp-59a50
[debug] [2022-10-10T04:14:35.978Z] >>> [apiv2][query] GET https://firebase.googleapis.com/v1beta1/projects/aapp-59a50 [none]
[debug] [2022-10-10T04:14:37.057Z] <<< [apiv2][status] GET https://firebase.googleapis.com/v1beta1/projects/aapp-59a50 200
[debug] [2022-10-10T04:14:37.058Z] <<< [apiv2][body] GET https://firebase.googleapis.com/v1beta1/projects/aapp-59a50 {"projectId":"aapp-59a50","projectNumber":"591028621760","displayName":"aapp","name":"projects/aapp-59a50","resources":{"hostingSite":"aapp-59a50","realtimeDatabaseInstance":"aapp-59a50-default-rtdb","storageBucket":"aapp-59a50.appspot.com","locationId":"southamerica-east1"},"state":"ACTIVE","etag":"1_f66a5143-82d7-49b0-9ef6-d2ed64f939ff"}
[info] i  Using project aapp-59a50 (aapp) 
[info] 
=== Database Setup
[info] i  database: ensuring required API firebasedatabase.googleapis.com is enabled... 
[debug] [2022-10-10T04:14:37.067Z] >>> [apiv2][query] GET https://serviceusage.googleapis.com/v1/projects/aapp-59a50/services/firebasedatabase.googleapis.com [none]
[debug] [2022-10-10T04:14:37.067Z] >>> [apiv2][(partial)header] GET https://serviceusage.googleapis.com/v1/projects/aapp-59a50/services/firebasedatabase.googleapis.com x-goog-quota-user=projects/aapp-59a50
[debug] [2022-10-10T04:14:38.044Z] <<< [apiv2][status] GET https://serviceusage.googleapis.com/v1/projects/aapp-59a50/services/firebasedatabase.googleapis.com 200
[debug] [2022-10-10T04:14:38.045Z] <<< [apiv2][body] GET https://serviceusage.googleapis.com/v1/projects/aapp-59a50/services/firebasedatabase.googleapis.com [omitted]
[info] +  database: required API firebasedatabase.googleapis.com is enabled 
[info] 
[debug] [2022-10-10T04:14:38.046Z] >>> [apiv2][query] GET https://firebasedatabase.googleapis.com/v1beta/projects/aapp-59a50/locations/-/instances/aapp-59a50-default-rtdb [none]
[debug] [2022-10-10T04:14:39.104Z] <<< [apiv2][status] GET https://firebasedatabase.googleapis.com/v1beta/projects/aapp-59a50/locations/-/instances/aapp-59a50-default-rtdb 200
[debug] [2022-10-10T04:14:39.105Z] <<< [apiv2][body] GET https://firebasedatabase.googleapis.com/v1beta/projects/aapp-59a50/locations/-/instances/aapp-59a50-default-rtdb {"name":"projects/591028621760/locations/us-central1/instances/aapp-59a50-default-rtdb","project":"projects/591028621760","databaseUrl":"https://aapp-59a50-default-rtdb.firebaseio.com","type":"DEFAULT_DATABASE","state":"ACTIVE"}
[info] 
[info] Firebase Realtime Database Security Rules allow you to define how your data should be
[info] structured and when your data can be read from and written to.
[info] 
[debug] [2022-10-10T04:14:46.112Z] >>> [apiv2][query] GET https://aapp-59a50-default-rtdb.firebaseio.com/.settings/rules.json [none]
[debug] [2022-10-10T04:14:46.461Z] <<< [apiv2][status] GET https://aapp-59a50-default-rtdb.firebaseio.com/.settings/rules.json 200
[debug] [2022-10-10T04:14:46.461Z] <<< [apiv2][body] GET https://aapp-59a50-default-rtdb.firebaseio.com/.settings/rules.json [stream]
[info] +  Database Rules for aapp-59a50-default-rtdb have been written to database.rules.json. 
[info] Future modifications to database.rules.json will update Realtime Database Security Rules when you run
[info] firebase deploy.
[info] 
=== Functions Setup
[debug] [2022-10-10T04:14:46.467Z] > command requires scopes: ["email","openid","https://www.googleapis.com/auth/cloudplatformprojects.readonly","https://www.googleapis.com/auth/firebase","https://www.googleapis.com/auth/cloud-platform"]
[debug] [2022-10-10T04:14:46.467Z] > authorizing via signed-in user (brunocostaprado@gmail.com)
[debug] [2022-10-10T04:14:46.467Z] [iam] checking project aapp-59a50 for permissions ["firebase.projects.get"]
[debug] [2022-10-10T04:14:46.468Z] >>> [apiv2][query] POST https://cloudresourcemanager.googleapis.com/v1/projects/aapp-59a50:testIamPermissions [none]
[debug] [2022-10-10T04:14:46.468Z] >>> [apiv2][(partial)header] POST https://cloudresourcemanager.googleapis.com/v1/projects/aapp-59a50:testIamPermissions x-goog-quota-user=projects/aapp-59a50
[debug] [2022-10-10T04:14:46.468Z] >>> [apiv2][body] POST https://cloudresourcemanager.googleapis.com/v1/projects/aapp-59a50:testIamPermissions {"permissions":["firebase.projects.get"]}
[debug] [2022-10-10T04:14:47.282Z] <<< [apiv2][status] POST https://cloudresourcemanager.googleapis.com/v1/projects/aapp-59a50:testIamPermissions 200
[debug] [2022-10-10T04:14:47.282Z] <<< [apiv2][body] POST https://cloudresourcemanager.googleapis.com/v1/projects/aapp-59a50:testIamPermissions {"permissions":["firebase.projects.get"]}
[debug] [2022-10-10T04:14:47.283Z] >>> [apiv2][query] GET https://serviceusage.googleapis.com/v1/projects/aapp-59a50/services/cloudfunctions.googleapis.com [none]
[debug] [2022-10-10T04:14:47.283Z] >>> [apiv2][(partial)header] GET https://serviceusage.googleapis.com/v1/projects/aapp-59a50/services/cloudfunctions.googleapis.com x-goog-quota-user=projects/aapp-59a50
[debug] [2022-10-10T04:14:47.285Z] >>> [apiv2][query] GET https://serviceusage.googleapis.com/v1/projects/aapp-59a50/services/runtimeconfig.googleapis.com [none]
[debug] [2022-10-10T04:14:47.285Z] >>> [apiv2][(partial)header] GET https://serviceusage.googleapis.com/v1/projects/aapp-59a50/services/runtimeconfig.googleapis.com x-goog-quota-user=projects/aapp-59a50
[debug] [2022-10-10T04:14:48.290Z] <<< [apiv2][status] GET https://serviceusage.googleapis.com/v1/projects/aapp-59a50/services/runtimeconfig.googleapis.com 200
[debug] [2022-10-10T04:14:48.290Z] <<< [apiv2][body] GET https://serviceusage.googleapis.com/v1/projects/aapp-59a50/services/runtimeconfig.googleapis.com [omitted]
[debug] [2022-10-10T04:14:48.295Z] <<< [apiv2][status] GET https://serviceusage.googleapis.com/v1/projects/aapp-59a50/services/cloudfunctions.googleapis.com 200
[debug] [2022-10-10T04:14:48.295Z] <<< [apiv2][body] GET https://serviceusage.googleapis.com/v1/projects/aapp-59a50/services/cloudfunctions.googleapis.com [omitted]
[debug] [2022-10-10T04:14:48.296Z] >>> [apiv2][query] POST https://serviceusage.googleapis.com/v1/projects/aapp-59a50/services/cloudfunctions.googleapis.com:enable [none]
[debug] [2022-10-10T04:14:48.296Z] >>> [apiv2][(partial)header] POST https://serviceusage.googleapis.com/v1/projects/aapp-59a50/services/cloudfunctions.googleapis.com:enable x-goog-quota-user=projects/aapp-59a50
[debug] [2022-10-10T04:14:50.024Z] <<< [apiv2][status] POST https://serviceusage.googleapis.com/v1/projects/aapp-59a50/services/cloudfunctions.googleapis.com:enable 200
[debug] [2022-10-10T04:14:50.024Z] <<< [apiv2][body] POST https://serviceusage.googleapis.com/v1/projects/aapp-59a50/services/cloudfunctions.googleapis.com:enable [omitted]
[debug] [2022-10-10T04:15:00.038Z] >>> [apiv2][query] GET https://serviceusage.googleapis.com/v1/projects/aapp-59a50/services/cloudfunctions.googleapis.com [none]
[debug] [2022-10-10T04:15:00.038Z] >>> [apiv2][(partial)header] GET https://serviceusage.googleapis.com/v1/projects/aapp-59a50/services/cloudfunctions.googleapis.com x-goog-quota-user=projects/aapp-59a50
[debug] [2022-10-10T04:15:01.074Z] <<< [apiv2][status] GET https://serviceusage.googleapis.com/v1/projects/aapp-59a50/services/cloudfunctions.googleapis.com 200
[debug] [2022-10-10T04:15:01.074Z] <<< [apiv2][body] GET https://serviceusage.googleapis.com/v1/projects/aapp-59a50/services/cloudfunctions.googleapis.com [omitted]
[info] Let's create a new codebase for your functions.
[info] A directory corresponding to the codebase will be created in your project
[info] with sample code pre-configured.

[info] See https://firebase.google.com/docs/functions/organize-functions for
[info] more information on organizing your functions using codebases.

[info] Functions can be deployed with firebase deploy.

[info] +  Wrote functions/package.json 
[info] +  Wrote functions/.eslintrc.js 
[info] +  Wrote functions/tsconfig.json 
[info] +  Wrote functions/tsconfig.dev.json 
[info] +  Wrote functions/src/index.ts 
[info] +  Wrote functions/.gitignore 
[info] 
=== Hosting Setup
[info] 
[info] Your public directory is the folder (relative to your project directory) that
[info] will contain Hosting assets to be uploaded with firebase deploy. If you
[info] have a build process for your assets, use your build's output directory.
[info] 
[debug] [2022-10-10T04:17:50.255Z] >>> [apiv2][query] GET https://www.gstatic.com/firebasejs/releases.json [none]
[debug] [2022-10-10T04:17:50.388Z] <<< [apiv2][status] GET https://www.gstatic.com/firebasejs/releases.json 200
[debug] [2022-10-10T04:17:50.389Z] <<< [apiv2][body] GET https://www.gstatic.com/firebasejs/releases.json {"current":{"version":"9.11.0","browserURL":"https://www.gstatic.com/firebasejs/9.11.0/firebase.js","packageURL":"https://www.gstatic.com/firebasejs/9.11.0/firebase.tgz"},"live":{"version":"9.11","browserURL":"https://www.gstatic.com/firebasejs/live/9.11/firebase.js","packageURL":"https://www.gstatic.com/firebasejs/live/9.11/firebase.tgz"},"components":{"analytics":"https://www.gstatic.com/firebasejs/9.11.0/firebase-analytics.js","app":"https://www.gstatic.com/firebasejs/9.11.0/firebase-app.js","app-check":"https://www.gstatic.com/firebasejs/9.11.0/firebase-app-check.js","auth":"https://www.gstatic.com/firebasejs/9.11.0/firebase-auth.js","auth/cordova":"https://www.gstatic.com/firebasejs/9.11.0/firebase-auth/cordova.js","auth/react-native":"https://www.gstatic.com/firebasejs/9.11.0/firebase-auth/react-native.js","functions":"https://www.gstatic.com/firebasejs/9.11.0/firebase-functions.js","firestore":"https://www.gstatic.com/firebasejs/9.11.0/firebase-firestore.js","firestore/lite":"https://www.gstatic.com/firebasejs/9.11.0/firebase-firestore/lite.js","installations":"https://www.gstatic.com/firebasejs/9.11.0/firebase-installations.js","storage":"https://www.gstatic.com/firebasejs/9.11.0/firebase-storage.js","performance":"https://www.gstatic.com/firebasejs/9.11.0/firebase-performance.js","remote-config":"https://www.gstatic.com/firebasejs/9.11.0/firebase-remote-config.js","messaging":"https://www.gstatic.com/firebasejs/9.11.0/firebase-messaging.js","messaging/sw":"https://www.gstatic.com/firebasejs/9.11.0/firebase-messaging/sw.js","database":"https://www.gstatic.com/firebasejs/9.11.0/firebase-database.js","firestore.memory":"https://www.gstatic.com/firebasejs/9.11.0/firebase-firestore.memory.js"}}
[info] +  Wrote pages/index.html 
[info] 
[info] i  Detected a .git folder at D:\github\app 
[info] i  Authorizing with GitHub to upload your service account to a GitHub repository's secrets store. 
[info] 
[info] Visit this URL on this device to log in:
[info] https://github.com/login/oauth/authorize?client_id=89cf50f02ac6aaed3484&state=759024238&redirect_uri=http%3A%2F%2Flocalhost%3A9005&scope=read%3Auser%20repo%20public_repo
[info] 
[info] Waiting for authentication...
[debug] [2022-10-10T04:17:51.371Z] >>> [apiv2][query] POST https://github.com/login/oauth/access_token [none]
[debug] [2022-10-10T04:17:51.371Z] >>> [apiv2][body] POST https://github.com/login/oauth/access_token [stream]
[debug] [2022-10-10T04:17:51.662Z] <<< [apiv2][status] POST https://github.com/login/oauth/access_token 200
[debug] [2022-10-10T04:17:51.662Z] <<< [apiv2][body] POST https://github.com/login/oauth/access_token {"access_token":"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","token_type":"bearer","scope":"read:user,repo"}
[debug] [2022-10-10T04:17:51.677Z] >>> [apiv2][query] GET https://api.github.com/user [none]
[debug] [2022-10-10T04:17:51.965Z] <<< [apiv2][status] GET https://api.github.com/user 200
[debug] [2022-10-10T04:17:51.965Z] <<< [apiv2][body] GET https://api.github.com/user {"login":"BrunoCostaPrado","id":89091606,"node_id":"MDQ6VXNlcjg5MDkxNjA2","avatar_url":"https://avatars.githubusercontent.com/u/89091606?v=4","gravatar_id":"","url":"https://api.github.com/users/BrunoCostaPrado","html_url":"https://github.com/BrunoCostaPrado","followers_url":"https://api.github.com/users/BrunoCostaPrado/followers","following_url":"https://api.github.com/users/BrunoCostaPrado/following{/other_user}","gists_url":"https://api.github.com/users/BrunoCostaPrado/gists{/gist_id}","starred_url":"https://api.github.com/users/BrunoCostaPrado/starred{/owner}{/repo}","subscriptions_url":"https://api.github.com/users/BrunoCostaPrado/subscriptions","organizations_url":"https://api.github.com/users/BrunoCostaPrado/orgs","repos_url":"https://api.github.com/users/BrunoCostaPrado/repos","events_url":"https://api.github.com/users/BrunoCostaPrado/events{/privacy}","received_events_url":"https://api.github.com/users/BrunoCostaPrado/received_events","type":"User","site_admin":false,"name":"Bruno Costa Prado","company":null,"blog":"https://brunocostaprado.github.io","location":"São Paulo, Brazil","email":null,"hireable":null,"bio":"Junior Full stack Dev.\r\nAlways developing.\r\nSemper doctrina.","twitter_username":null,"public_repos":71,"public_gists":0,"followers":31,"following":48,"created_at":"2021-08-17T15:28:53Z","updated_at":"2022-09-24T18:10:22Z","private_gists":0,"total_private_repos":10,"owned_private_repos":10,"disk_usage":368552,"collaborators":0,"two_factor_authentication":false,"plan":{"name":"free","space":976562499,"collaborators":0,"private_repos":10000}}
[info] 
[info] +  Success! Logged into GitHub as BrunoCostaPrado 
[info] 
